!SESSION 2018-09-14 14:12:03.114 -----------------------------------------------
eclipse.buildId=R3.6.51.201607142338
java.version=1.8.0_66
java.vendor=Oracle Corporation
BootLoader constants: OS=win32, ARCH=x86, WS=win32, NL=ja_JP
Framework arguments:  C:\Users\t6014250\Documents\2018年（30FY）保存版\2018_Presentation\2018_MindMap\2018年MindMap_Cyber\【最新版】【XMIND】Sec03-01サイバーセキュリティ関連プレゼン資料シナリオ.xmind
Command-line arguments:  -os win32 -ws win32 -arch x86 -data ../Commons/data/workspace-cathy C:\Users\t6014250\Documents\2018年（30FY）保存版\2018_Presentation\2018_MindMap\2018年MindMap_Cyber\【最新版】【XMIND】Sec03-01サイバーセキュリティ関連プレゼン資料シナリオ.xmind

!ENTRY org.eclipse.osgi 4 0 2018-09-14 14:12:13.515
!MESSAGE Application error
!STACK 1
java.lang.IllegalStateException: Unable to acquire application service. Ensure that the org.eclipse.core.runtime bundle is resolved and started (see config.ini).
	at org.eclipse.core.runtime.internal.adaptor.EclipseAppLauncher.start(EclipseAppLauncher.java:78)
	at org.eclipse.core.runtime.adaptor.EclipseStarter.run(EclipseStarter.java:380)
	at org.eclipse.core.runtime.adaptor.EclipseStarter.run(EclipseStarter.java:235)
	at sun.reflect.NativeMethodAccessorImpl.invoke0(Native Method)
	at sun.reflect.NativeMethodAccessorImpl.invoke(NativeMethodAccessorImpl.java:62)
	at sun.reflect.DelegatingMethodAccessorImpl.invoke(DelegatingMethodAccessorImpl.java:43)
	at java.lang.reflect.Method.invoke(Method.java:497)
	at org.eclipse.equinox.launcher.Main.invokeFramework(Main.java:669)
	at org.eclipse.equinox.launcher.Main.basicRun(Main.java:608)
	at org.eclipse.equinox.launcher.Main.run(Main.java:1515)
